Using pre-set license
Built from '2022.2/release' branch; Version is '2022.2.1f1 (4fead5835099) revision 5237461'; Using compiler version '192829333'; Build Type 'Release'
OS: 'Windows 10  (10.0.19045) 64bit Professional' Language: 'ru' Physical Memory: 16325 MB
BatchMode: 1, IsHumanControllingUs: 0, StartBugReporterOnCrash: 0, Is64bit: 1, IsPro: 1

COMMAND LINE ARGUMENTS:
E:\Unity\2022.2.1f1\Editor\Unity.exe
-adb2
-batchMode
-noUpm
-name
AssetImportWorker0
-projectPath
E:/UnityHub/FPS
-logFile
Logs/AssetImportWorker0.log
-srvPort
59601
Successfully changed project path to: E:/UnityHub/FPS
E:/UnityHub/FPS
[UnityMemory] Configuration Parameters - Can be set up in boot.config
    "memorysetup-bucket-allocator-granularity=16"
    "memorysetup-bucket-allocator-bucket-count=8"
    "memorysetup-bucket-allocator-block-size=33554432"
    "memorysetup-bucket-allocator-block-count=8"
    "memorysetup-main-allocator-block-size=16777216"
    "memorysetup-thread-allocator-block-size=16777216"
    "memorysetup-gfx-main-allocator-block-size=16777216"
    "memorysetup-gfx-thread-allocator-block-size=16777216"
    "memorysetup-cache-allocator-block-size=4194304"
    "memorysetup-typetree-allocator-block-size=2097152"
    "memorysetup-profiler-bucket-allocator-granularity=16"
    "memorysetup-profiler-bucket-allocator-bucket-count=8"
    "memorysetup-profiler-bucket-allocator-block-size=33554432"
    "memorysetup-profiler-bucket-allocator-block-count=8"
    "memorysetup-profiler-allocator-block-size=16777216"
    "memorysetup-profiler-editor-allocator-block-size=1048576"
    "memorysetup-temp-allocator-size-main=16777216"
    "memorysetup-job-temp-allocator-block-size=2097152"
    "memorysetup-job-temp-allocator-block-size-background=1048576"
    "memorysetup-job-temp-allocator-reduction-small-platforms=262144"
    "memorysetup-temp-allocator-size-background-worker=32768"
    "memorysetup-temp-allocator-size-job-worker=262144"
    "memorysetup-temp-allocator-size-preload-manager=33554432"
    "memorysetup-temp-allocator-size-nav-mesh-worker=65536"
    "memorysetup-temp-allocator-size-audio-worker=65536"
    "memorysetup-temp-allocator-size-cloud-worker=32768"
    "memorysetup-temp-allocator-size-gi-baking-worker=262144"
    "memorysetup-temp-allocator-size-gfx=262144"
Player connection [4868] Host "[IP] 192.168.0.108 [Port] 0 [Flags] 2 [Guid] 744022560 [EditorId] 744022560 [Version] 1048832 [Id] WindowsEditor(7,DESKTOP-0QM4JNM) [Debug] 1 [PackageName] WindowsEditor [ProjectName] Editor" joined multi-casting on [225.0.0.222:54997]...

Player connection [4868] Host "[IP] 192.168.0.108 [Port] 0 [Flags] 2 [Guid] 744022560 [EditorId] 744022560 [Version] 1048832 [Id] WindowsEditor(7,DESKTOP-0QM4JNM) [Debug] 1 [PackageName] WindowsEditor [ProjectName] Editor" joined alternative multi-casting on [225.0.0.222:34997]...

Refreshing native plugins compatible for Editor in 11.06 ms, found 3 plugins.
Preloading 0 native plugins for Editor in 0.00 ms.
Initialize engine version: 2022.2.1f1 (4fead5835099)
[Subsystems] Discovering subsystems at path E:/Unity/2022.2.1f1/Editor/Data/Resources/UnitySubsystems
[Subsystems] Discovering subsystems at path E:/UnityHub/FPS/Assets
GfxDevice: creating device client; threaded=0; jobified=0
Direct3D:
    Version:  Direct3D 11.0 [level 11.1]
    Renderer: NVIDIA GeForce GTX 1650 (ID=0x2188)
    Vendor:   NVIDIA
    VRAM:     3949 MB
    Driver:   31.0.15.3667
Shader 'WFX/Transparent Diffuse': fallback shader 'Particles/Alpha Blended' not found
Shader 'WFX/Transparent Specular': fallback shader 'Particles/Alpha Blended' not found
Initialize mono
Mono path[0] = 'E:/Unity/2022.2.1f1/Editor/Data/Managed'
Mono path[1] = 'E:/Unity/2022.2.1f1/Editor/Data/MonoBleedingEdge/lib/mono/unityjit-win32'
Mono config path = 'E:/Unity/2022.2.1f1/Editor/Data/MonoBleedingEdge/etc'
Using monoOptions --debugger-agent=transport=dt_socket,embedding=1,server=y,suspend=n,address=127.0.0.1:56100
Begin MonoManager ReloadAssembly
Registering precompiled unity dll's ...
Register platform support module: E:/Unity/2022.2.1f1/Editor/Data/PlaybackEngines/AndroidPlayer/UnityEditor.Android.Extensions.dll
Register platform support module: E:/Unity/2022.2.1f1/Editor/Data/PlaybackEngines/WindowsStandaloneSupport/UnityEditor.WindowsStandalone.Extensions.dll
Registered in 0.006645 seconds.
- Loaded All Assemblies, in  0.383 seconds
Native extension for WindowsStandalone target not found
Native extension for Android target not found
Android Extension - Scanning For ADB Devices 2211 ms
Mono: successfully reloaded assembly
- Finished resetting the current domain, in  2.523 seconds
Domain Reload Profiling:
	ReloadAssembly (225ms)
		BeginReloadAssembly (104ms)
			ExecutionOrderSort (0ms)
			DisableScriptedObjects (0ms)
			BackupInstance (0ms)
			ReleaseScriptingObjects (0ms)
			CreateAndSetChildDomain (1ms)
		LoadAllAssembliesAndSetupDomain (0ms)
			LoadAssemblies (104ms)
			RebuildTransferFunctionScriptingTraits (0ms)
			SetupTypeCache (153ms)
				TypeCache.Initialize (152ms)
					TypeCache.ScanAssembly (151ms)
				ResolveRequiredComponents (0ms)
		FinalizeReload (0ms)
			ReleaseScriptCaches (0ms)
			RebuildScriptCaches (0ms)
			SetupLoadedEditorAssemblies (2460ms)
				LogAssemblyErrors (0ms)
				InitializePlatformSupportModulesInManaged (2291ms)
				SetLoadedEditorAssemblies (5ms)
				RefreshPlugins (0ms)
				BeforeProcessingInitializeOnLoad (1ms)
				ProcessInitializeOnLoadAttributes (113ms)
				ProcessInitializeOnLoadMethodAttributes (50ms)
				AfterProcessingInitializeOnLoad (0ms)
				EditorAssembliesLoaded (0ms)
			ExecutionOrderSort2 (0ms)
			AwakeInstancesAfterBackupRestoration (0ms)
========================================================================
Worker process is ready to serve import requests
Begin MonoManager ReloadAssembly
Symbol file LoadedFromMemory doesn't match image E:\UnityHub\FPS\Library\PackageCache\com.unity.visualscripting@1.7.8\Editor\VisualScripting.Core\Dependencies\YamlDotNet\Unity.VisualScripting.YamlDotNet.dll
Symbol file LoadedFromMemory doesn't match image E:\UnityHub\FPS\Library\PackageCache\com.unity.visualscripting@1.7.8\Editor\VisualScripting.Core\Dependencies\DotNetZip\Unity.VisualScripting.IonicZip.dll
- Loaded All Assemblies, in  0.868 seconds
Refreshing native plugins compatible for Editor in 3.43 ms, found 3 plugins.
Native extension for WindowsStandalone target not found
Native extension for Android target not found
Mono: successfully reloaded assembly
- Finished resetting the current domain, in  0.579 seconds
Domain Reload Profiling:
	ReloadAssembly (248ms)
		BeginReloadAssembly (147ms)
			ExecutionOrderSort (0ms)
			DisableScriptedObjects (6ms)
			BackupInstance (0ms)
			ReleaseScriptingObjects (0ms)
			CreateAndSetChildDomain (23ms)
		LoadAllAssembliesAndSetupDomain (620ms)
			LoadAssemblies (120ms)
			RebuildTransferFunctionScriptingTraits (0ms)
			SetupTypeCache (581ms)
				TypeCache.Initialize (339ms)
					TypeCache.ScanAssembly (335ms)
				ResolveRequiredComponents (6ms)
		FinalizeReload (0ms)
			ReleaseScriptCaches (0ms)
			RebuildScriptCaches (0ms)
			SetupLoadedEditorAssemblies (408ms)
				LogAssemblyErrors (0ms)
				InitializePlatformSupportModulesInManaged (17ms)
				SetLoadedEditorAssemblies (6ms)
				RefreshPlugins (0ms)
				BeforeProcessingInitializeOnLoad (62ms)
				ProcessInitializeOnLoadAttributes (290ms)
				ProcessInitializeOnLoadMethodAttributes (29ms)
				AfterProcessingInitializeOnLoad (3ms)
				EditorAssembliesLoaded (0ms)
			ExecutionOrderSort2 (0ms)
			AwakeInstancesAfterBackupRestoration (8ms)
Shader 'WFX/Transparent Diffuse': fallback shader 'Particles/Alpha Blended' not found
Shader 'WFX/Transparent Specular': fallback shader 'Particles/Alpha Blended' not found
Launched and connected shader compiler UnityShaderCompiler.exe after 0.04 seconds
Refreshing native plugins compatible for Editor in 3.36 ms, found 3 plugins.
Preloading 0 native plugins for Editor in 0.00 ms.
Unloading 3454 Unused Serialized files (Serialized files now loaded: 0)
Unloading 26 unused Assets / (67.9 KB). Loaded Objects now: 3920.
Memory consumption went from 0.53 GB to 0.53 GB.
Total: 3.592500 ms (FindLiveObjects: 0.350100 ms CreateObjectMapping: 0.554400 ms MarkObjects: 2.590200 ms  DeleteObjects: 0.096800 ms)

AssetImportParameters requested are different than current active one (requested -> active):
  custom:container-demuxer-ogg: 62fdf1f143b41e24485cea50d1cbac27 -> 
  custom:video-decoder-ogg-theora: a1e56fd34408186e4bbccfd4996cb3dc -> 
  custom:framework-win-MediaFoundation: 216162199b28c13a410421893ffa2e32 -> 
  custom:container-demuxer-webm: 4f35f7cbe854078d1ac9338744f61a02 -> 
  custom:container-muxer-webm: aa71ff27fc2769a1b78a27578f13a17b -> 
  custom:video-decoder-webm-vp8: 9c59270c3fd7afecdb556c50c9e8de78 -> 
  custom:AudioImporter_EditorPlatform: d09bf68614088b80899f8185d706f6e7 -> 
  custom:video-encoder-webm-vp8: eb34c28f22e8b96e1ab97ce403110664 -> 
  custom:audio-decoder-ogg-vorbis: bf7c407c2cedff20999df2af8eb42d56 -> 
  custom:audio-encoder-webm-vorbis: bf7c407c2cedff20999df2af8eb42d56 -> 
========================================================================
Received Import Request.
  Time since last request: 1902.699531 seconds.
  path: Assets/Game Scene/Modles/Prefabs/GlockWithScripts.prefab
  artifactKey: Guid(02a7d6e5598ae7e41a4a80f378d9361a) Importer(815301076,1909f56bfc062723c751e8b465ee728b)
Number of updated assets reloaded before import = 0
Start importing Assets/Game Scene/Modles/Prefabs/GlockWithScripts.prefab using Guid(02a7d6e5598ae7e41a4a80f378d9361a) Importer(815301076,1909f56bfc062723c751e8b465ee728b)  -> (artifact id: '78bdf6f4409eb1c163e8a8deb3fdbeb2') in 0.264062 seconds 
Internal: There are remaining Allocations on the JobTempAlloc. This is a leak, and will impact performance
To Debug, run app with -diag-job-temp-memory-leak-validation cmd line argument. This will output the callstacks of the leaked allocations.
Number of asset objects unloaded after import = 90
========================================================================
Received Import Request.
  Time since last request: 0.000026 seconds.
  path: Assets/Game Scene/Modles/Prefabs/Rock.prefab
  artifactKey: Guid(cf014c1250abb2b48966e09d18d2d88b) Importer(815301076,1909f56bfc062723c751e8b465ee728b)
Number of updated assets reloaded before import = 0
Start importing Assets/Game Scene/Modles/Prefabs/Rock.prefab using Guid(cf014c1250abb2b48966e09d18d2d88b) Importer(815301076,1909f56bfc062723c751e8b465ee728b)  -> (artifact id: '18f0f9ad7d632b6771ebf0528b56329e') in 0.024639 seconds 
Internal: There are remaining Allocations on the JobTempAlloc. This is a leak, and will impact performance
To Debug, run app with -diag-job-temp-memory-leak-validation cmd line argument. This will output the callstacks of the leaked allocations.
Number of asset objects unloaded after import = 27
========================================================================
Received Import Request.
  Time since last request: 0.000016 seconds.
  path: Assets/Game Scene/Modles/Prefabs/pickaxeWithScripts.prefab
  artifactKey: Guid(7e8991db5812ead42b7efa3b79be9ad5) Importer(815301076,1909f56bfc062723c751e8b465ee728b)
Number of updated assets reloaded before import = 0
Start importing Assets/Game Scene/Modles/Prefabs/pickaxeWithScripts.prefab using Guid(7e8991db5812ead42b7efa3b79be9ad5) Importer(815301076,1909f56bfc062723c751e8b465ee728b)  -> (artifact id: '566f6dc2297706537283856b50c21d40') in 0.014295 seconds 
Internal: There are remaining Allocations on the JobTempAlloc. This is a leak, and will impact performance
To Debug, run app with -diag-job-temp-memory-leak-validation cmd line argument. This will output the callstacks of the leaked allocations.
Number of asset objects unloaded after import = 36
========================================================================
Received Import Request.
  Time since last request: 0.000028 seconds.
  path: Assets/Game Scene/Modles/Prefabs/CraftingQueueInstance.prefab
  artifactKey: Guid(558c397face27e14dae62b28959f0dd7) Importer(815301076,1909f56bfc062723c751e8b465ee728b)
Number of updated assets reloaded before import = 0
Start importing Assets/Game Scene/Modles/Prefabs/CraftingQueueInstance.prefab using Guid(558c397face27e14dae62b28959f0dd7) Importer(815301076,1909f56bfc062723c751e8b465ee728b)  -> (artifact id: '9fa353de9d155400ce6cfd56d7fdc0a8') in 0.076056 seconds 
Internal: There are remaining Allocations on the JobTempAlloc. This is a leak, and will impact performance
To Debug, run app with -diag-job-temp-memory-leak-validation cmd line argument. This will output the callstacks of the leaked allocations.
Number of asset objects unloaded after import = 29
========================================================================
Received Import Request.
  Time since last request: 0.000016 seconds.
  path: Assets/Game Scene/Modles/Prefabs/AkWithScripts.prefab
  artifactKey: Guid(6259e94fd57bbf54eaf528880e3f626c) Importer(815301076,1909f56bfc062723c751e8b465ee728b)
Number of updated assets reloaded before import = 0
Start importing Assets/Game Scene/Modles/Prefabs/AkWithScripts.prefab using Guid(6259e94fd57bbf54eaf528880e3f626c) Importer(815301076,1909f56bfc062723c751e8b465ee728b)  -> (artifact id: '77c08555c18353dd37b0fc35d6672d94') in 0.105150 seconds 
Internal: There are remaining Allocations on the JobTempAlloc. This is a leak, and will impact performance
To Debug, run app with -diag-job-temp-memory-leak-validation cmd line argument. This will output the callstacks of the leaked allocations.
Number of asset objects unloaded after import = 138
========================================================================
Received Import Request.
  Time since last request: 0.000018 seconds.
  path: Assets/Game Scene/Modles/Prefabs/Axe.prefab
  artifactKey: Guid(8939761d68c95534e956388ec8648846) Importer(815301076,1909f56bfc062723c751e8b465ee728b)
Number of updated assets reloaded before import = 0
Start importing Assets/Game Scene/Modles/Prefabs/Axe.prefab using Guid(8939761d68c95534e956388ec8648846) Importer(815301076,1909f56bfc062723c751e8b465ee728b)  -> (artifact id: '7f9eea3e4a2dd673d8159be3162c0fcf') in 0.022127 seconds 
Internal: There are remaining Allocations on the JobTempAlloc. This is a leak, and will impact performance
To Debug, run app with -diag-job-temp-memory-leak-validation cmd line argument. This will output the callstacks of the leaked allocations.
Number of asset objects unloaded after import = 38
========================================================================
Received Import Request.
  Time since last request: 0.000026 seconds.
  path: Assets/Game Scene/Modles/Prefabs/pickaxe.prefab
  artifactKey: Guid(c60b9039b36b1c948baa2381f1c50185) Importer(815301076,1909f56bfc062723c751e8b465ee728b)
Number of updated assets reloaded before import = 0
Start importing Assets/Game Scene/Modles/Prefabs/pickaxe.prefab using Guid(c60b9039b36b1c948baa2381f1c50185) Importer(815301076,1909f56bfc062723c751e8b465ee728b)  -> (artifact id: '256dc3537724cd26d4bb458eef194f98') in 0.017752 seconds 
Internal: There are remaining Allocations on the JobTempAlloc. This is a leak, and will impact performance
To Debug, run app with -diag-job-temp-memory-leak-validation cmd line argument. This will output the callstacks of the leaked allocations.
Number of asset objects unloaded after import = 38
========================================================================
Received Import Request.
  Time since last request: 0.000017 seconds.
  path: Assets/Game Scene/Modles/Prefabs/knifeWithScript.prefab
  artifactKey: Guid(5329a72b6d0d02f49a48eea94ac26cf1) Importer(815301076,1909f56bfc062723c751e8b465ee728b)
Number of updated assets reloaded before import = 0
Start importing Assets/Game Scene/Modles/Prefabs/knifeWithScript.prefab using Guid(5329a72b6d0d02f49a48eea94ac26cf1) Importer(815301076,1909f56bfc062723c751e8b465ee728b)  -> (artifact id: 'f29edec65ee4483dc0f2a8bdf3785667') in 0.072299 seconds 
Internal: There are remaining Allocations on the JobTempAlloc. This is a leak, and will impact performance
To Debug, run app with -diag-job-temp-memory-leak-validation cmd line argument. This will output the callstacks of the leaked allocations.
Number of asset objects unloaded after import = 67
========================================================================
Received Import Request.
  Time since last request: 0.000122 seconds.
  path: Assets/Game Scene/Modles/Prefabs/Slot.prefab
  artifactKey: Guid(62ce84f5337e2a64bbe522e7474addce) Importer(815301076,1909f56bfc062723c751e8b465ee728b)
Number of updated assets reloaded before import = 0
Start importing Assets/Game Scene/Modles/Prefabs/Slot.prefab using Guid(62ce84f5337e2a64bbe522e7474addce) Importer(815301076,1909f56bfc062723c751e8b465ee728b)  -> (artifact id: '15a51b84007d3b0473aac602876a79ef') in 0.031849 seconds 
Internal: There are remaining Allocations on the JobTempAlloc. This is a leak, and will impact performance
To Debug, run app with -diag-job-temp-memory-leak-validation cmd line argument. This will output the callstacks of the leaked allocations.
Number of asset objects unloaded after import = 28
========================================================================
Received Import Request.
  Time since last request: 0.000017 seconds.
  path: Assets/Game Scene/Modles/Prefabs/Button (Legacy) 1 1.prefab
  artifactKey: Guid(199a19f74653d5f43a38198963911c8c) Importer(815301076,1909f56bfc062723c751e8b465ee728b)
Number of updated assets reloaded before import = 0
Start importing Assets/Game Scene/Modles/Prefabs/Button (Legacy) 1 1.prefab using Guid(199a19f74653d5f43a38198963911c8c) Importer(815301076,1909f56bfc062723c751e8b465ee728b)  -> (artifact id: '47def788b9de9112434031fe4c814392') in 0.010850 seconds 
Internal: There are remaining Allocations on the JobTempAlloc. This is a leak, and will impact performance
To Debug, run app with -diag-job-temp-memory-leak-validation cmd line argument. This will output the callstacks of the leaked allocations.
Number of asset objects unloaded after import = 9
========================================================================
Received Import Request.
  Time since last request: 0.000014 seconds.
  path: Assets/Game Scene/Modles/Prefabs/AK Variant 1.prefab
  artifactKey: Guid(19c9f4952aa7cac46b0ed1149e013d8d) Importer(815301076,1909f56bfc062723c751e8b465ee728b)
Number of updated assets reloaded before import = 0
Start importing Assets/Game Scene/Modles/Prefabs/AK Variant 1.prefab using Guid(19c9f4952aa7cac46b0ed1149e013d8d) Importer(815301076,1909f56bfc062723c751e8b465ee728b)  -> (artifact id: '7efb357d0324808861d94c8e40354326') in 0.016632 seconds 
Internal: There are remaining Allocations on the JobTempAlloc. This is a leak, and will impact performance
To Debug, run app with -diag-job-temp-memory-leak-validation cmd line argument. This will output the callstacks of the leaked allocations.
Number of asset objects unloaded after import = 105
========================================================================
Received Import Request.
  Time since last request: 0.000017 seconds.
  path: Assets/Game Scene/Modles/Prefabs/rockItem.prefab
  artifactKey: Guid(671d9a8b3af660a4daebea15b7bb7aaf) Importer(815301076,1909f56bfc062723c751e8b465ee728b)
Number of updated assets reloaded before import = 0
Start importing Assets/Game Scene/Modles/Prefabs/rockItem.prefab using Guid(671d9a8b3af660a4daebea15b7bb7aaf) Importer(815301076,1909f56bfc062723c751e8b465ee728b)  -> (artifact id: '03b2db3a12f52dd344aefb0624533cd9') in 0.018347 seconds 
Internal: There are remaining Allocations on the JobTempAlloc. This is a leak, and will impact performance
To Debug, run app with -diag-job-temp-memory-leak-validation cmd line argument. This will output the callstacks of the leaked allocations.
Number of asset objects unloaded after import = 22
========================================================================
Received Import Request.
  Time since last request: 0.000015 seconds.
  path: Assets/Game Scene/Modles/Prefabs/log Variant.prefab
  artifactKey: Guid(417d06e66171b2442ae96741277d0785) Importer(815301076,1909f56bfc062723c751e8b465ee728b)
Number of updated assets reloaded before import = 0
Start importing Assets/Game Scene/Modles/Prefabs/log Variant.prefab using Guid(417d06e66171b2442ae96741277d0785) Importer(815301076,1909f56bfc062723c751e8b465ee728b)  -> (artifact id: '98ea36f87f1f5dfc19c3fd9956a8f639') in 0.017784 seconds 
Internal: There are remaining Allocations on the JobTempAlloc. This is a leak, and will impact performance
To Debug, run app with -diag-job-temp-memory-leak-validation cmd line argument. This will output the callstacks of the leaked allocations.
Number of asset objects unloaded after import = 18
========================================================================
Received Import Request.
  Time since last request: 0.000019 seconds.
  path: Assets/Game Scene/Modles/Prefabs/tree.prefab
  artifactKey: Guid(15dbfacb4fe1dd04f9f98f5056ddf684) Importer(815301076,1909f56bfc062723c751e8b465ee728b)
Number of updated assets reloaded before import = 0
Start importing Assets/Game Scene/Modles/Prefabs/tree.prefab using Guid(15dbfacb4fe1dd04f9f98f5056ddf684) Importer(815301076,1909f56bfc062723c751e8b465ee728b)  -> (artifact id: '23354c665759f171bc966d2f977a9acf') in 0.028044 seconds 
Internal: There are remaining Allocations on the JobTempAlloc. This is a leak, and will impact performance
To Debug, run app with -diag-job-temp-memory-leak-validation cmd line argument. This will output the callstacks of the leaked allocations.
Number of asset objects unloaded after import = 31
========================================================================
Received Import Request.
  Time since last request: 0.000019 seconds.
  path: Assets/Game Scene/Modles/Prefabs/Bottle.prefab
  artifactKey: Guid(589ad28f74b5eb84e8e16a4056389467) Importer(815301076,1909f56bfc062723c751e8b465ee728b)
Number of updated assets reloaded before import = 0
Start importing Assets/Game Scene/Modles/Prefabs/Bottle.prefab using Guid(589ad28f74b5eb84e8e16a4056389467) Importer(815301076,1909f56bfc062723c751e8b465ee728b)  -> (artifact id: '04f0444bd2dd8ae7a6ba1cc559ce9eb8') in 0.027821 seconds 
Internal: There are remaining Allocations on the JobTempAlloc. This is a leak, and will impact performance
To Debug, run app with -diag-job-temp-memory-leak-validation cmd line argument. This will output the callstacks of the leaked allocations.
Number of asset objects unloaded after import = 18
========================================================================
Received Import Request.
  Time since last request: 0.000025 seconds.
  path: Assets/Game Scene/Modles/Prefabs/Glock Variant.prefab
  artifactKey: Guid(8f1e67acca9f8334589d02eaef489b63) Importer(815301076,1909f56bfc062723c751e8b465ee728b)
Number of updated assets reloaded before import = 0
Start importing Assets/Game Scene/Modles/Prefabs/Glock Variant.prefab using Guid(8f1e67acca9f8334589d02eaef489b63) Importer(815301076,1909f56bfc062723c751e8b465ee728b)  -> (artifact id: '9dabfaf7d275217335a07aaca58f6454') in 0.018438 seconds 
Internal: JobTempAlloc has allocations that are more than the maximum lifespan of 4 frames old - this is not allowed and likely a leak
To Debug, run app with -diag-job-temp-memory-leak-validation cmd line argument. This will output the callstacks of the leaked allocations.
Internal: There are remaining Allocations on the JobTempAlloc. This is a leak, and will impact performance
To Debug, run app with -diag-job-temp-memory-leak-validation cmd line argument. This will output the callstacks of the leaked allocations.
Number of asset objects unloaded after import = 57
========================================================================
Received Import Request.
  Time since last request: 0.000015 seconds.
  path: Assets/Game Scene/Modles/Prefabs/knife Variant.prefab
  artifactKey: Guid(d23272ce661c33e448d7a793bed539f1) Importer(815301076,1909f56bfc062723c751e8b465ee728b)
Number of updated assets reloaded before import = 0
Start importing Assets/Game Scene/Modles/Prefabs/knife Variant.prefab using Guid(d23272ce661c33e448d7a793bed539f1) Importer(815301076,1909f56bfc062723c751e8b465ee728b)  -> (artifact id: '4b81b6549ff42e2a5ae44fb4eb7323af') in 0.016949 seconds 
Internal: There are remaining Allocations on the JobTempAlloc. This is a leak, and will impact performance
To Debug, run app with -diag-job-temp-memory-leak-validation cmd line argument. This will output the callstacks of the leaked allocations.
Number of asset objects unloaded after import = 48
========================================================================
Received Import Request.
  Time since last request: 0.000015 seconds.
  path: Assets/Game Scene/Modles/Prefabs/CraftResources 1.prefab
  artifactKey: Guid(cace348b2d92b244e8db82459c53b3fc) Importer(815301076,1909f56bfc062723c751e8b465ee728b)
Number of updated assets reloaded before import = 0
Start importing Assets/Game Scene/Modles/Prefabs/CraftResources 1.prefab using Guid(cace348b2d92b244e8db82459c53b3fc) Importer(815301076,1909f56bfc062723c751e8b465ee728b)  -> (artifact id: '38debdb0298e16339011cc054ee11571') in 0.034985 seconds 
Internal: There are remaining Allocations on the JobTempAlloc. This is a leak, and will impact performance
To Debug, run app with -diag-job-temp-memory-leak-validation cmd line argument. This will output the callstacks of the leaked allocations.
Number of asset objects unloaded after import = 51
========================================================================
Received Import Request.
  Time since last request: 0.000030 seconds.
  path: Assets/Game Scene/Modles/Prefabs/apple.prefab
  artifactKey: Guid(7d6ad724f6cecbe439e474a62e621df1) Importer(815301076,1909f56bfc062723c751e8b465ee728b)
Number of updated assets reloaded before import = 0
Start importing Assets/Game Scene/Modles/Prefabs/apple.prefab using Guid(7d6ad724f6cecbe439e474a62e621df1) Importer(815301076,1909f56bfc062723c751e8b465ee728b)  -> (artifact id: '5eadc60d0dc2c778dcbf32b1cd66fc7c') in 0.026736 seconds 
Internal: There are remaining Allocations on the JobTempAlloc. This is a leak, and will impact performance
To Debug, run app with -diag-job-temp-memory-leak-validation cmd line argument. This will output the callstacks of the leaked allocations.
Number of asset objects unloaded after import = 38
========================================================================
Received Import Request.
  Time since last request: 0.000062 seconds.
  path: Assets/Game Scene/Modles/Prefabs/medKit.prefab
  artifactKey: Guid(340201934889b664da7a5bed186e1264) Importer(815301076,1909f56bfc062723c751e8b465ee728b)
Number of updated assets reloaded before import = 0
Start importing Assets/Game Scene/Modles/Prefabs/medKit.prefab using Guid(340201934889b664da7a5bed186e1264) Importer(815301076,1909f56bfc062723c751e8b465ee728b)  -> (artifact id: '90326ac00d84a96b9b47ad939ef0a0b6') in 0.017936 seconds 
Internal: There are remaining Allocations on the JobTempAlloc. This is a leak, and will impact performance
To Debug, run app with -diag-job-temp-memory-leak-validation cmd line argument. This will output the callstacks of the leaked allocations.
Number of asset objects unloaded after import = 122
========================================================================
Received Import Request.
  Time since last request: 39.767487 seconds.
  path: Assets/Game Scene/Modles/Prefabs/AK Variant 1.prefab
  artifactKey: Guid(19c9f4952aa7cac46b0ed1149e013d8d) Importer(815301076,1909f56bfc062723c751e8b465ee728b)
Number of updated assets reloaded before import = 0
Start importing Assets/Game Scene/Modles/Prefabs/AK Variant 1.prefab using Guid(19c9f4952aa7cac46b0ed1149e013d8d) Importer(815301076,1909f56bfc062723c751e8b465ee728b)  -> (artifact id: '1144bfddd5457a9af452d07e07be507f') in 0.032273 seconds 
Internal: There are remaining Allocations on the JobTempAlloc. This is a leak, and will impact performance
To Debug, run app with -diag-job-temp-memory-leak-validation cmd line argument. This will output the callstacks of the leaked allocations.
Number of asset objects unloaded after import = 104
========================================================================
Received Prepare
Begin MonoManager ReloadAssembly
Internal: deleting an allocation that is older than its permitted lifetime of 4 frames (age = 14)
Internal: deleting an allocation that is older than its permitted lifetime of 4 frames (age = 14)
Internal: deleting an allocation that is older than its permitted lifetime of 4 frames (age = 5)
Internal: deleting an allocation that is older than its permitted lifetime of 4 frames (age = 5)
Symbol file LoadedFromMemory doesn't match image E:\UnityHub\FPS\Library\PackageCache\com.unity.visualscripting@1.7.8\Editor\VisualScripting.Core\Dependencies\YamlDotNet\Unity.VisualScripting.YamlDotNet.dll
Symbol file LoadedFromMemory doesn't match image E:\UnityHub\FPS\Library\PackageCache\com.unity.visualscripting@1.7.8\Editor\VisualScripting.Core\Dependencies\DotNetZip\Unity.VisualScripting.IonicZip.dll
- Loaded All Assemblies, in  0.788 seconds
Refreshing native plugins compatible for Editor in 3.34 ms, found 3 plugins.
Native extension for WindowsStandalone target not found
Native extension for Android target not found
Mono: successfully reloaded assembly
- Finished resetting the current domain, in  0.976 seconds
Domain Reload Profiling:
	ReloadAssembly (229ms)
		BeginReloadAssembly (154ms)
			ExecutionOrderSort (0ms)
			DisableScriptedObjects (5ms)
			BackupInstance (0ms)
			ReleaseScriptingObjects (0ms)
			CreateAndSetChildDomain (41ms)
		LoadAllAssembliesAndSetupDomain (559ms)
			LoadAssemblies (111ms)
			RebuildTransferFunctionScriptingTraits (0ms)
			SetupTypeCache (524ms)
				TypeCache.Initialize (307ms)
					TypeCache.ScanAssembly (300ms)
				ResolveRequiredComponents (5ms)
		FinalizeReload (0ms)
			ReleaseScriptCaches (0ms)
			RebuildScriptCaches (0ms)
			SetupLoadedEditorAssemblies (418ms)
				LogAssemblyErrors (0ms)
				InitializePlatformSupportModulesInManaged (28ms)
				SetLoadedEditorAssemblies (7ms)
				RefreshPlugins (0ms)
				BeforeProcessingInitializeOnLoad (71ms)
				ProcessInitializeOnLoadAttributes (274ms)
				ProcessInitializeOnLoadMethodAttributes (34ms)
				AfterProcessingInitializeOnLoad (3ms)
				EditorAssembliesLoaded (0ms)
			ExecutionOrderSort2 (0ms)
			AwakeInstancesAfterBackupRestoration (8ms)
Shader 'WFX/Transparent Diffuse': fallback shader 'Particles/Alpha Blended' not found
Shader 'WFX/Transparent Specular': fallback shader 'Particles/Alpha Blended' not found
Refreshing native plugins compatible for Editor in 4.14 ms, found 3 plugins.
Preloading 0 native plugins for Editor in 0.00 ms.
Unloading 3423 Unused Serialized files (Serialized files now loaded: 0)
Unloading 22 unused Assets / (35.8 KB). Loaded Objects now: 3934.
Memory consumption went from 0.53 GB to 0.53 GB.
Total: 3.530300 ms (FindLiveObjects: 0.480600 ms CreateObjectMapping: 0.427300 ms MarkObjects: 2.552300 ms  DeleteObjects: 0.069000 ms)

AssetImportParameters requested are different than current active one (requested -> active):
  custom:container-demuxer-ogg: 62fdf1f143b41e24485cea50d1cbac27 -> 
  custom:video-decoder-ogg-theora: a1e56fd34408186e4bbccfd4996cb3dc -> 
  custom:framework-win-MediaFoundation: 216162199b28c13a410421893ffa2e32 -> 
  custom:container-demuxer-webm: 4f35f7cbe854078d1ac9338744f61a02 -> 
  custom:container-muxer-webm: aa71ff27fc2769a1b78a27578f13a17b -> 
  custom:video-decoder-webm-vp8: 9c59270c3fd7afecdb556c50c9e8de78 -> 
  custom:AudioImporter_EditorPlatform: d09bf68614088b80899f8185d706f6e7 -> 
  custom:video-encoder-webm-vp8: eb34c28f22e8b96e1ab97ce403110664 -> 
  custom:audio-decoder-ogg-vorbis: bf7c407c2cedff20999df2af8eb42d56 -> 
  custom:audio-encoder-webm-vorbis: bf7c407c2cedff20999df2af8eb42d56 -> 
